<?xml version="1.0" encoding="UTF-8"?>
<!-- Generated by org.testng.reporters.JUnitReportReporter -->
<testsuite hostname="DESKTOP-C7NQ473" failures="0" tests="1" name="tests.ui.CheckOutTest" time="106.113" errors="0" timestamp="2025-08-18T22:40:29 IST" skipped="0">
  <testcase classname="tests.ui.CheckOutTest" name="checkOutTheProduct" time="106.113"/>
</testsuite> <!-- tests.ui.CheckOutTest -->
