<?xml version="1.0" encoding="UTF-8"?>
<!-- Generated by org.testng.reporters.JUnitReportReporter -->
<testsuite hostname="DESKTOP-C7NQ473" failures="0" tests="1" name="tests.CheckOutTest" time="77.493" errors="0" timestamp="2025-08-16T14:25:36 IST" skipped="0">
  <testcase classname="tests.CheckOutTest" name="checkOutTheProduct" time="77.493"/>
</testsuite> <!-- tests.CheckOutTest -->
