<?xml version="1.0" encoding="UTF-8"?>
<!-- Generated by org.testng.reporters.JUnitReportReporter -->
<testsuite hostname="DESKTOP-C7NQ473" failures="0" tests="1" name="tests.api.AuthTests" time="6.453" errors="0" timestamp="2025-08-17T20:31:50 IST" skipped="0">
  <testcase classname="tests.api.AuthTests" name="loginWithGenAIUser" time="6.453"/>
</testsuite> <!-- tests.api.AuthTests -->
