<?xml version="1.0" encoding="UTF-8"?>
<!-- Generated by org.testng.reporters.JUnitReportReporter -->
<testsuite hostname="DESKTOP-C7NQ473" failures="0" tests="1" name="tests.api.CartTest" time="5.417" errors="0" timestamp="2025-08-18T22:42:46 IST" skipped="0">
  <testcase classname="tests.api.CartTest" name="addToCartWithGenAI" time="5.417"/>
</testsuite> <!-- tests.api.CartTest -->
