<?xml version="1.0" encoding="UTF-8"?>
<!-- Generated by org.testng.reporters.JUnitReportReporter -->
<testsuite hostname="DESKTOP-C7NQ473" failures="0" tests="2" name="tests.LoginTest" time="49.382" errors="0" timestamp="2025-08-15T18:13:43 IST" skipped="0">
  <testcase classname="tests.LoginTest" name="makeInvalidLogin" time="22.759"/>
  <testcase classname="tests.LoginTest" name="makeValidLogin" time="26.623"/>
</testsuite> <!-- tests.LoginTest -->
