<?xml version="1.0" encoding="UTF-8"?>
<!-- Generated by org.testng.reporters.JUnitReportReporter -->
<testsuite hostname="DESKTOP-C7NQ473" failures="0" tests="1" name="tests.ProductTest" time="41.811" errors="0" timestamp="2025-08-16T03:55:22 IST" skipped="0">
  <testcase classname="tests.ProductTest" name="searchProduct" time="41.811"/>
</testsuite> <!-- tests.ProductTest -->
