<?xml version="1.0" encoding="UTF-8"?>
<!-- Generated by org.testng.reporters.JUnitReportReporter -->
<testsuite hostname="DESKTOP-C7NQ473" failures="0" tests="1" name="tests.db.CartDBValidationTest" time="5.547" errors="0" timestamp="2025-08-17T22:57:19 IST" skipped="0">
  <testcase classname="tests.db.CartDBValidationTest" name="validateCartDataWithDB" time="5.547"/>
</testsuite> <!-- tests.db.CartDBValidationTest -->
